mode: set
github.com/ubiship/strat-summit/backend/internal/integrations/novu/client.go:22.30,28.2 1 1
github.com/ubiship/strat-summit/backend/internal/integrations/novu/client.go:39.85,41.16 2 1
github.com/ubiship/strat-summit/backend/internal/integrations/novu/client.go:41.16,43.3 1 0
github.com/ubiship/strat-summit/backend/internal/integrations/novu/client.go:45.2,46.16 2 1
github.com/ubiship/strat-summit/backend/internal/integrations/novu/client.go:46.16,48.3 1 0
github.com/ubiship/strat-summit/backend/internal/integrations/novu/client.go:49.2,53.16 4 1
github.com/ubiship/strat-summit/backend/internal/integrations/novu/client.go:53.16,55.3 1 0
github.com/ubiship/strat-summit/backend/internal/integrations/novu/client.go:56.2,58.28 2 1
github.com/ubiship/strat-summit/backend/internal/integrations/novu/client.go:58.28,60.3 1 1
github.com/ubiship/strat-summit/backend/internal/integrations/novu/client.go:62.2,62.12 1 1
github.com/ubiship/strat-summit/backend/internal/integrations/novu/client.go:66.83,68.16 2 1
github.com/ubiship/strat-summit/backend/internal/integrations/novu/client.go:68.16,70.3 1 0
github.com/ubiship/strat-summit/backend/internal/integrations/novu/client.go:71.2,74.16 3 1
github.com/ubiship/strat-summit/backend/internal/integrations/novu/client.go:74.16,76.3 1 0
github.com/ubiship/strat-summit/backend/internal/integrations/novu/client.go:77.2,79.28 2 1
github.com/ubiship/strat-summit/backend/internal/integrations/novu/client.go:79.28,81.3 1 1
github.com/ubiship/strat-summit/backend/internal/integrations/novu/client.go:83.2,83.12 1 1
github.com/ubiship/strat-summit/backend/internal/integrations/novu/client.go:87.129,88.29 1 1
github.com/ubiship/strat-summit/backend/internal/integrations/novu/client.go:88.29,90.3 1 1
github.com/ubiship/strat-summit/backend/internal/integrations/novu/client.go:92.2,93.38 2 1
github.com/ubiship/strat-summit/backend/internal/integrations/novu/client.go:93.38,98.3 1 1
github.com/ubiship/strat-summit/backend/internal/integrations/novu/client.go:100.2,104.16 2 1
github.com/ubiship/strat-summit/backend/internal/integrations/novu/client.go:104.16,106.3 1 0
github.com/ubiship/strat-summit/backend/internal/integrations/novu/client.go:108.2,109.16 2 1
github.com/ubiship/strat-summit/backend/internal/integrations/novu/client.go:109.16,111.3 1 0
github.com/ubiship/strat-summit/backend/internal/integrations/novu/client.go:112.2,116.16 4 1
github.com/ubiship/strat-summit/backend/internal/integrations/novu/client.go:116.16,118.3 1 0
github.com/ubiship/strat-summit/backend/internal/integrations/novu/client.go:119.2,121.28 2 1
github.com/ubiship/strat-summit/backend/internal/integrations/novu/client.go:121.28,123.3 1 0
github.com/ubiship/strat-summit/backend/internal/integrations/novu/client.go:125.2,125.12 1 1
github.com/ubiship/strat-summit/backend/internal/integrations/novu/client.go:129.122,137.16 2 1
github.com/ubiship/strat-summit/backend/internal/integrations/novu/client.go:137.16,139.3 1 0
github.com/ubiship/strat-summit/backend/internal/integrations/novu/client.go:141.2,142.16 2 1
github.com/ubiship/strat-summit/backend/internal/integrations/novu/client.go:142.16,144.3 1 0
github.com/ubiship/strat-summit/backend/internal/integrations/novu/client.go:145.2,149.16 4 1
github.com/ubiship/strat-summit/backend/internal/integrations/novu/client.go:149.16,151.3 1 0
github.com/ubiship/strat-summit/backend/internal/integrations/novu/client.go:152.2,154.28 2 1
github.com/ubiship/strat-summit/backend/internal/integrations/novu/client.go:154.28,156.3 1 1
github.com/ubiship/strat-summit/backend/internal/integrations/novu/client.go:158.2,158.12 1 1
